<?xml version="1.0" encoding="UTF-8"?>
<!-- Generated by org.testng.reporters.JUnitReportReporter -->
<testsuite skipped="0" hostname="umesh" name="flipkart.SignInTest" tests="3" failures="0" timestamp="2020-08-06T17:17:24 IST" time="10.728" errors="0">
  <testcase name="loginTest" time="0.900" classname="flipkart.SignInTest"/>
  <system-out/>
  <testcase name="loginTest" time="0.864" classname="flipkart.SignInTest"/>
  <system-out/>
  <testcase name="loginTest" time="8.964" classname="flipkart.SignInTest"/>
  <system-out/>
</testsuite> <!-- flipkart.SignInTest -->
