<?xml version="1.0" encoding="UTF-8"?>
<!-- Generated by org.testng.reporters.JUnitReportReporter -->
<testsuite skipped="0" hostname="umesh" name="flipkart.TC_cartLable_Test" tests="3" failures="0" timestamp="2020-08-06T17:17:24 IST" time="8.100" errors="0">
  <testcase name="cartlabelTest" time="7.416" classname="flipkart.TC_cartLable_Test"/>
  <system-out/>
  <testcase name="validateElectronics" time="0.236" classname="flipkart.TC_cartLable_Test"/>
  <system-out/>
  <testcase name="validateMoblie_handler" time="0.448" classname="flipkart.TC_cartLable_Test"/>
  <system-out/>
</testsuite> <!-- flipkart.TC_cartLable_Test -->
