<?xml version="1.0" encoding="UTF-8"?>
<!-- Generated by org.testng.reporters.JUnitReportReporter -->
<testsuite skipped="0" hostname="umesh" name="flipkart.SignInTest" tests="3" failures="0" timestamp="2020-08-06T17:27:49 IST" time="10.587" errors="0">
  <testcase name="loginTest" time="1.145" classname="flipkart.SignInTest"/>
  <system-out/>
  <testcase name="loginTest" time="8.273" classname="flipkart.SignInTest"/>
  <system-out/>
  <testcase name="loginTest" time="1.169" classname="flipkart.SignInTest"/>
  <system-out/>
</testsuite> <!-- flipkart.SignInTest -->
