<?xml version="1.0" encoding="UTF-8"?>
<!-- Generated by org.testng.reporters.JUnitReportReporter -->
<testsuite skipped="0" hostname="umesh" name="flipkart.TC_cartLable_Test" tests="3" failures="0" timestamp="2020-08-06T17:27:49 IST" time="7.361" errors="0">
  <testcase name="validateMoblie_handler" time="0.559" classname="flipkart.TC_cartLable_Test"/>
  <system-out/>
  <testcase name="cartlabelTest" time="6.601" classname="flipkart.TC_cartLable_Test"/>
  <system-out/>
  <testcase name="validateElectronics" time="0.201" classname="flipkart.TC_cartLable_Test"/>
  <system-out/>
</testsuite> <!-- flipkart.TC_cartLable_Test -->
